<?xml version="1.0" encoding="UTF-8"?>
<testsuite name="com.ubs.opsit.interviews.BerlinClockTest" tests="12" skipped="0" failures="0" errors="0" timestamp="2017-10-25T16:31:35" hostname="01HW1025908" time="0.004">
  <properties/>
  <testcase name="testBottomMinutesShouldHave4Lamps" classname="com.ubs.opsit.interviews.BerlinClockTest" time="0.0"/>
  <testcase name="testBerlinClockShouldResultInCorrectSecondsHoursAndMinutes" classname="com.ubs.opsit.interviews.BerlinClockTest" time="0.0"/>
  <testcase name="testTopMinutesShouldHave11Lamps" classname="com.ubs.opsit.interviews.BerlinClockTest" time="0.0"/>
  <testcase name="testTopHoursShouldHave4Lamps" classname="com.ubs.opsit.interviews.BerlinClockTest" time="0.0"/>
  <testcase name="testTopMinutesShouldHave3rd6thAnd9thLampsInRedToIndicateFirstQuarterHalfAndLastQuarter" classname="com.ubs.opsit.interviews.BerlinClockTest" time="0.0"/>
  <testcase name="testTopMinutesShouldLightYellowLampForEvery5MinutesUnlessItIsFirstQuarterHalfOrLastQuarter" classname="com.ubs.opsit.interviews.BerlinClockTest" time="0.0"/>
  <testcase name="testBottomMinutesShouldLightYellowLampForEveryMinuteLeftFromTopMinutes" classname="com.ubs.opsit.interviews.BerlinClockTest" time="0.0"/>
  <testcase name="testBerlinClockShouldResultInStringWith5Lines" classname="com.ubs.opsit.interviews.BerlinClockTest" time="0.0"/>
  <testcase name="testBottomHoursShouldHave4Lamps" classname="com.ubs.opsit.interviews.BerlinClockTest" time="0.001"/>
  <testcase name="testTopHoursShouldLightRedLampForEvery5Hours" classname="com.ubs.opsit.interviews.BerlinClockTest" time="0.0"/>
  <testcase name="testYellowLampShouldBlinkOnOffEveryTwoSeconds" classname="com.ubs.opsit.interviews.BerlinClockTest" time="0.0"/>
  <testcase name="testBottomHoursShouldLightRedLampForEveryHourLeftFromTopHours" classname="com.ubs.opsit.interviews.BerlinClockTest" time="0.001"/>
  <system-out><![CDATA[]]></system-out>
  <system-err><![CDATA[]]></system-err>
</testsuite>
